<?xml version="1.0" encoding="UTF-8"?>
<testng-results ignored="0" total="1" passed="1" failed="0" skipped="0">
  <reporter-output>
  </reporter-output>
  <suite started-at="2022-06-13T16:02:41 IST" name="Default suite" finished-at="2022-06-13T16:03:00 IST" duration-ms="18336">
    <groups>
    </groups>
    <test started-at="2022-06-13T16:02:41 IST" name="Default test" finished-at="2022-06-13T16:03:00 IST" duration-ms="18336">
      <class name="com.inetbanking.TestCases.TC_LoginTest_001">
        <test-method is-config="true" signature="setup()[pri:0, instance:com.inetbanking.TestCases.TC_LoginTest_001@2a265ea9]" started-at="2022-06-13T16:02:41 IST" name="setup" finished-at="2022-06-13T16:02:48 IST" duration-ms="6387" status="PASS">
          <reporter-output>
          </reporter-output>
        </test-method> <!-- setup -->
        <test-method signature="loginTest()[pri:0, instance:com.inetbanking.TestCases.TC_LoginTest_001@2a265ea9]" started-at="2022-06-13T16:02:48 IST" name="loginTest" finished-at="2022-06-13T16:02:59 IST" duration-ms="11238" status="PASS">
          <reporter-output>
          </reporter-output>
        </test-method> <!-- loginTest -->
        <test-method is-config="true" signature="tearDown()[pri:0, instance:com.inetbanking.TestCases.TC_LoginTest_001@2a265ea9]" started-at="2022-06-13T16:02:59 IST" name="tearDown" finished-at="2022-06-13T16:03:00 IST" duration-ms="678" status="PASS">
          <reporter-output>
          </reporter-output>
        </test-method> <!-- tearDown -->
      </class> <!-- com.inetbanking.TestCases.TC_LoginTest_001 -->
    </test> <!-- Default test -->
  </suite> <!-- Default suite -->
</testng-results>
